正在构建数据集路径... (Data Dir: CheXpert-v1.0-small)
正在加载模型...
分析目标: Cardiomegaly (Index: 0)

--- Part A: 计算基准不确定性 (Entropy) ---

--- Part B: 计算解释一致性 (Input Noise + SSIM) ---
策略: MC Passes=10, Input Noise Scale=0.02
  已处理 20/234... (耗时: 15.9s)
  已处理 40/234... (耗时: 30.4s)
  已处理 60/234... (耗时: 45.3s)
  已处理 80/234... (耗时: 59.5s)
  已处理 100/234... (耗时: 73.1s)
  已处理 120/234... (耗时: 86.7s)
  已处理 140/234... (耗时: 100.0s)
  已处理 160/234... (耗时: 113.3s)
  已处理 180/234... (耗时: 127.0s)
  已处理 200/234... (耗时: 139.3s)
  已处理 220/234... (耗时: 152.0s)

--- Part C: 结果统计与相关性 ---
不确定性 Std: 0.0044
一致性 Std:   0.0003

[交付物 3-2] 不确定性 vs 解释一致性
样本数: 234
  皮尔逊 (Pearson): -0.1111 (p=0.0900)
  斯皮尔曼 (Spearman): -0.2411 (p=0.0002)

图表已保存: task3_robust_analysis2.png
